<?xml version="1.0" encoding="UTF-8"?>
<testsuite name="problem2.CatalogTest" tests="23" skipped="0" failures="0" errors="0" timestamp="2022-03-07T23:35:05" hostname="jiangruxuedeMacBook-Pro.local" time="0.112">
  <properties/>
  <testcase name="testEquals_DifferentTitle()" classname="problem2.CatalogTest" time="0.002"/>
  <testcase name="testEquals_NullObject()" classname="problem2.CatalogTest" time="0.002"/>
  <testcase name="testToString()" classname="problem2.CatalogTest" time="0.001"/>
  <testcase name="remove()" classname="problem2.CatalogTest" time="0.002"/>
  <testcase name="testEquals_SameObject()" classname="problem2.CatalogTest" time="0.035"/>
  <testcase name="testEquals_DifferentItemList()" classname="problem2.CatalogTest" time="0.003"/>
  <testcase name="getName()" classname="problem2.CatalogTest" time="0.002"/>
  <testcase name="getYear()" classname="problem2.CatalogTest" time="0.002"/>
  <testcase name="add()" classname="problem2.CatalogTest" time="0.002"/>
  <testcase name="search_Artist()" classname="problem2.CatalogTest" time="0.001"/>
  <testcase name="search_Author()" classname="problem2.CatalogTest" time="0.004"/>
  <testcase name="getFirstName()" classname="problem2.CatalogTest" time="0.001"/>
  <testcase name="testEquals_DifferentMembers()" classname="problem2.CatalogTest" time="0.001"/>
  <testcase name="testEquals_DifferentObject()" classname="problem2.CatalogTest" time="0.002"/>
  <testcase name="testEquals_DifferentCreator()" classname="problem2.CatalogTest" time="0.004"/>
  <testcase name="testEquals_DifferentName()" classname="problem2.CatalogTest" time="0.001"/>
  <testcase name="testEquals_DifferentYear()" classname="problem2.CatalogTest" time="0.001"/>
  <testcase name="getLastName()" classname="problem2.CatalogTest" time="0.001"/>
  <testcase name="testHashCode()" classname="problem2.CatalogTest" time="0.002"/>
  <testcase name="search_Keyword()" classname="problem2.CatalogTest" time="0.001"/>
  <testcase name="testEquals_DifferentFirstName()" classname="problem2.CatalogTest" time="0.001"/>
  <testcase name="testEquals_DifferentLastName()" classname="problem2.CatalogTest" time="0.001"/>
  <testcase name="testEquals_SameFieldsOverall()" classname="problem2.CatalogTest" time="0.0"/>
  <system-out><![CDATA[]]></system-out>
  <system-err><![CDATA[]]></system-err>
</testsuite>
