<?xml version="1.0" encoding="UTF-8"?>
<testsuite name="midterm.p1.NFTTest" tests="1" skipped="0" failures="0" errors="0" timestamp="2022-03-12T02:26:03" hostname="jiangruxuedeMacBook-Pro.local" time="0.002">
  <properties/>
  <testcase name="calculateStartingBid()" classname="midterm.p1.NFTTest" time="0.002"/>
  <system-out><![CDATA[]]></system-out>
  <system-err><![CDATA[]]></system-err>
</testsuite>
