<?xml version="1.0" encoding="UTF-8"?>
<testsuite name="midterm.p2.NationalParkDirectoryTest" tests="4" skipped="0" failures="0" errors="0" timestamp="2022-03-12T02:26:03" hostname="jiangruxuedeMacBook-Pro.local" time="0.081">
  <properties/>
  <testcase name="getNationalParkByID()" classname="midterm.p2.NationalParkDirectoryTest" time="0.062"/>
  <testcase name="allNationalParkOpenedYearRound()" classname="midterm.p2.NationalParkDirectoryTest" time="0.006"/>
  <testcase name="add()" classname="midterm.p2.NationalParkDirectoryTest" time="0.004"/>
  <testcase name="count()" classname="midterm.p2.NationalParkDirectoryTest" time="0.001"/>
  <system-out><![CDATA[]]></system-out>
  <system-err><![CDATA[]]></system-err>
</testsuite>
