<?xml version="1.0" encoding="UTF-8"?>
<testsuite name="problem2.BagOfWordsTest" tests="7" skipped="0" failures="0" errors="0" timestamp="2022-03-20T05:45:51" hostname="jiangruxuedeMacBook-Pro.local" time="0.02">
  <properties/>
  <testcase name="equals()" classname="problem2.BagOfWordsTest" time="0.004"/>
  <testcase name="testToString()" classname="problem2.BagOfWordsTest" time="0.002"/>
  <testcase name="remove()" classname="problem2.BagOfWordsTest" time="0.001"/>
  <testcase name="contains()" classname="problem2.BagOfWordsTest" time="0.001"/>
  <testcase name="add()" classname="problem2.BagOfWordsTest" time="0.001"/>
  <testcase name="testHashCode()" classname="problem2.BagOfWordsTest" time="0.0"/>
  <testcase name="isEmpty()" classname="problem2.BagOfWordsTest" time="0.001"/>
  <system-out><![CDATA[]]></system-out>
  <system-err><![CDATA[]]></system-err>
</testsuite>
