<?xml version="1.0" encoding="UTF-8"?>
<testsuite name="problem3.IdentifierTest" tests="3" skipped="0" failures="0" errors="0" timestamp="2022-01-31T22:05:45" hostname="jiangruxuedeMacBook-Pro.local" time="0.003">
  <properties/>
  <testcase name="getYear()" classname="problem3.IdentifierTest" time="0.001"/>
  <testcase name="getUsername()" classname="problem3.IdentifierTest" time="0.001"/>
  <testcase name="getCountry()" classname="problem3.IdentifierTest" time="0.0"/>
  <system-out><![CDATA[]]></system-out>
  <system-err><![CDATA[]]></system-err>
</testsuite>
