<?xml version="1.0" encoding="UTF-8"?>
<testsuite name="problem3.AccountTest" tests="5" skipped="0" failures="0" errors="0" timestamp="2022-01-31T22:05:45" hostname="jiangruxuedeMacBook-Pro.local" time="0.007">
  <properties/>
  <testcase name="getUserIdentifier()" classname="problem3.AccountTest" time="0.001"/>
  <testcase name="withdraw()" classname="problem3.AccountTest" time="0.0"/>
  <testcase name="getAmount()" classname="problem3.AccountTest" time="0.0"/>
  <testcase name="convert()" classname="problem3.AccountTest" time="0.0"/>
  <testcase name="deposit()" classname="problem3.AccountTest" time="0.0"/>
  <system-out><![CDATA[]]></system-out>
  <system-err><![CDATA[]]></system-err>
</testsuite>
