<?xml version="1.0" encoding="UTF-8"?>
<testsuite name="problem2.TimeTest" tests="6" skipped="0" failures="0" errors="0" timestamp="2022-01-31T22:05:45" hostname="jiangruxuedeMacBook-Pro.local" time="0.008">
  <properties/>
  <testcase name="getSeconds()" classname="problem2.TimeTest" time="0.001"/>
  <testcase name="setMinutes()" classname="problem2.TimeTest" time="0.001"/>
  <testcase name="setSeconds()" classname="problem2.TimeTest" time="0.001"/>
  <testcase name="setHours()" classname="problem2.TimeTest" time="0.001"/>
  <testcase name="getHours()" classname="problem2.TimeTest" time="0.0"/>
  <testcase name="getMinutes()" classname="problem2.TimeTest" time="0.0"/>
  <system-out><![CDATA[]]></system-out>
  <system-err><![CDATA[]]></system-err>
</testsuite>
