<?xml version="1.0" encoding="UTF-8"?>
<testsuite name="problem1.CredentialsTest" tests="4" skipped="0" failures="0" errors="0" timestamp="2022-01-31T22:05:44" hostname="jiangruxuedeMacBook-Pro.local" time="0.04">
  <properties/>
  <testcase name="getPasswordHash()" classname="problem1.CredentialsTest" time="0.035"/>
  <testcase name="setPasswordHash()" classname="problem1.CredentialsTest" time="0.001"/>
  <testcase name="setUsername()" classname="problem1.CredentialsTest" time="0.001"/>
  <testcase name="getUsername()" classname="problem1.CredentialsTest" time="0.001"/>
  <system-out><![CDATA[]]></system-out>
  <system-err><![CDATA[]]></system-err>
</testsuite>
