<?xml version="1.0" encoding="UTF-8"?>
<testsuite name="problem3.AmountTest" tests="4" skipped="0" failures="0" errors="0" timestamp="2022-01-31T22:05:45" hostname="jiangruxuedeMacBook-Pro.local" time="0.008">
  <properties/>
  <testcase name="getDollarAmount()" classname="problem3.AmountTest" time="0.005"/>
  <testcase name="getCentAmount()" classname="problem3.AmountTest" time="0.001"/>
  <testcase name="setDollarAmount()" classname="problem3.AmountTest" time="0.001"/>
  <testcase name="setCentAmount()" classname="problem3.AmountTest" time="0.0"/>
  <system-out><![CDATA[]]></system-out>
  <system-err><![CDATA[]]></system-err>
</testsuite>
