<?xml version="1.0" encoding="UTF-8"?>
<testsuite name="problem1and2.FleetManagerTest" tests="1" skipped="0" failures="0" errors="0" timestamp="2022-03-04T06:54:04" hostname="jiangruxuedeMacBook-Pro.local" time="0.037">
  <properties/>
  <testcase name="drive()" classname="problem1and2.FleetManagerTest" time="0.037"/>
  <system-out><![CDATA[]]></system-out>
  <system-err><![CDATA[]]></system-err>
</testsuite>
