<?xml version="1.0" encoding="UTF-8"?>
<testsuite name="problem1.CourseCatalogTest" tests="19" skipped="0" failures="0" errors="0" timestamp="2022-02-26T23:53:11" hostname="jiangruxuedeMacBook-Pro.local" time="0.079">
  <properties/>
  <testcase name="testEquals_DifferentCourseArr()" classname="problem1.CourseCatalogTest" time="0.031"/>
  <testcase name="append()" classname="problem1.CourseCatalogTest" time="0.01"/>
  <testcase name="testEquals_NullObject()" classname="problem1.CourseCatalogTest" time="0.001"/>
  <testcase name="testToString()" classname="problem1.CourseCatalogTest" time="0.001"/>
  <testcase name="remove()" classname="problem1.CourseCatalogTest" time="0.002"/>
  <testcase name="contains()" classname="problem1.CourseCatalogTest" time="0.002"/>
  <testcase name="testEquals_SameObject()" classname="problem1.CourseCatalogTest" time="0.002"/>
  <testcase name="add()" classname="problem1.CourseCatalogTest" time="0.002"/>
  <testcase name="get()" classname="problem1.CourseCatalogTest" time="0.002"/>
  <testcase name="count()" classname="problem1.CourseCatalogTest" time="0.001"/>
  <testcase name="test_Constructor()" classname="problem1.CourseCatalogTest" time="0.001"/>
  <testcase name="testEquals_DifferentNumber()" classname="problem1.CourseCatalogTest" time="0.0"/>
  <testcase name="testEquals_DifferentObject()" classname="problem1.CourseCatalogTest" time="0.0"/>
  <testcase name="testEquals_DifferentPrefix()" classname="problem1.CourseCatalogTest" time="0.001"/>
  <testcase name="testEquals_DifferentName()" classname="problem1.CourseCatalogTest" time="0.001"/>
  <testcase name="testHashCode()" classname="problem1.CourseCatalogTest" time="0.001"/>
  <testcase name="testEquals_SameFieldsOverall()" classname="problem1.CourseCatalogTest" time="0.0"/>
  <testcase name="indexOf()" classname="problem1.CourseCatalogTest" time="0.001"/>
  <testcase name="isEmpty()" classname="problem1.CourseCatalogTest" time="0.001"/>
  <system-out><![CDATA[]]></system-out>
  <system-err><![CDATA[]]></system-err>
</testsuite>
