<?xml version="1.0" encoding="UTF-8"?>
<testsuite name="problem1.ServiceTest" tests="29" skipped="0" failures="0" errors="0" timestamp="2022-02-15T00:56:17" hostname="jiangruxuedeMacBook-Pro.local" time="0.211">
  <properties/>
  <testcase name="getMonthly()" classname="problem1.ServiceTest" time="0.04"/>
  <testcase name="testEquals_DifferentRoofType()" classname="problem1.ServiceTest" time="0.002"/>
  <testcase name="getRoofSquareFootage()" classname="problem1.ServiceTest" time="0.001"/>
  <testcase name="getNumberOfPets()" classname="problem1.ServiceTest" time="0.002"/>
  <testcase name="getNumberOfPastServices()" classname="problem1.ServiceTest" time="0.001"/>
  <testcase name="testEquals_DifferentNumberOfEmployeesAndIfComplex()" classname="problem1.ServiceTest" time="0.001"/>
  <testcase name="getNumberOfEmployees()" classname="problem1.ServiceTest" time="0.002"/>
  <testcase name="testEquals_NullObject()" classname="problem1.ServiceTest" time="0.0"/>
  <testcase name="testToString()" classname="problem1.ServiceTest" time="0.002"/>
  <testcase name="testEquals_DifferentRoofSquareFootage()" classname="problem1.ServiceTest" time="0.002"/>
  <testcase name="calculatePrice()" classname="problem1.ServiceTest" time="0.001"/>
  <testcase name="getIfComplex()" classname="problem1.ServiceTest" time="0.001"/>
  <testcase name="testEquals_DifferentPropertyAddress()" classname="problem1.ServiceTest" time="0.005"/>
  <testcase name="testEquals_DifferentNumberOfEmployees()" classname="problem1.ServiceTest" time="0.001"/>
  <testcase name="testEquals_SameObject()" classname="problem1.ServiceTest" time="0.002"/>
  <testcase name="testEquals_DifferentPropertySize()" classname="problem1.ServiceTest" time="0.005"/>
  <testcase name="testEquals_DifferentIfComplex()" classname="problem1.ServiceTest" time="0.003"/>
  <testcase name="testEquals_DifferentObject()" classname="problem1.ServiceTest" time="0.001"/>
  <testcase name="getPropertySize()" classname="problem1.ServiceTest" time="0.003"/>
  <testcase name="testHashCode()" classname="problem1.ServiceTest" time="0.001"/>
  <testcase name="testEquals_DifferentObjectsSameAttributes()" classname="problem1.ServiceTest" time="0.014"/>
  <testcase name="testEquals_DifferentNumberOfPastServices()" classname="problem1.ServiceTest" time="0.004"/>
  <testcase name="getNumberOfFloors()" classname="problem1.ServiceTest" time="0.003"/>
  <testcase name="testEquals_DifferentNumberOfFloors()" classname="problem1.ServiceTest" time="0.002"/>
  <testcase name="testEquals_DifferentIsMonthly()" classname="problem1.ServiceTest" time="0.001"/>
  <testcase name="testEquals_DifferentNumberOfPets()" classname="problem1.ServiceTest" time="0.002"/>
  <testcase name="getRoofType()" classname="problem1.ServiceTest" time="0.001"/>
  <testcase name="testConstructor()" classname="problem1.ServiceTest" time="0.009"/>
  <testcase name="getPropertyAddress()" classname="problem1.ServiceTest" time="0.0"/>
  <system-out><![CDATA[]]></system-out>
  <system-err><![CDATA[]]></system-err>
</testsuite>
