<?xml version="1.0" encoding="UTF-8"?>
<testsuite name="problem2.PosnTest" tests="9" skipped="0" failures="0" errors="0" timestamp="2022-02-02T23:06:07" hostname="jiangruxuedeMacBook-Pro.local" time="0.017">
  <properties/>
  <testcase name="testEquals_DifferentOrNullX()" classname="problem2.PosnTest" time="0.001"/>
  <testcase name="testEquals_DifferentOrNullY()" classname="problem2.PosnTest" time="0.002"/>
  <testcase name="testEquals_NullObject()" classname="problem2.PosnTest" time="0.001"/>
  <testcase name="testEquals_SameMemoryLocation()" classname="problem2.PosnTest" time="0.001"/>
  <testcase name="testToString()" classname="problem2.PosnTest" time="0.001"/>
  <testcase name="getX()" classname="problem2.PosnTest" time="0.001"/>
  <testcase name="getY()" classname="problem2.PosnTest" time="0.001"/>
  <testcase name="testEquals_DifferentDataTypes()" classname="problem2.PosnTest" time="0.001"/>
  <testcase name="testHashCode()" classname="problem2.PosnTest" time="0.001"/>
  <system-out><![CDATA[]]></system-out>
  <system-err><![CDATA[]]></system-err>
</testsuite>
