<?xml version="1.0" encoding="UTF-8"?>
<testsuite name="problem1.BaseballPlayerTest" tests="20" skipped="0" failures="0" errors="0" timestamp="2022-02-02T23:06:07" hostname="jiangruxuedeMacBook-Pro.local" time="0.037">
  <properties/>
  <testcase name="setAvgBattingScore()" classname="problem1.BaseballPlayerTest" time="0.001"/>
  <testcase name="setSeasonHomeRuns()" classname="problem1.BaseballPlayerTest" time="0.0"/>
  <testcase name="testEquals_DifferentAvgBattingScore()" classname="problem1.BaseballPlayerTest" time="0.001"/>
  <testcase name="testEquals_NullObject()" classname="problem1.BaseballPlayerTest" time="0.0"/>
  <testcase name="testEquals_SameMemoryLocation()" classname="problem1.BaseballPlayerTest" time="0.002"/>
  <testcase name="testToString()" classname="problem1.BaseballPlayerTest" time="0.0"/>
  <testcase name="getSeasonHomeRuns()" classname="problem1.BaseballPlayerTest" time="0.001"/>
  <testcase name="testEquals_DifferentSeasonHomeRuns()" classname="problem1.BaseballPlayerTest" time="0.001"/>
  <testcase name="testEquals_DifferentInheritedFields()" classname="problem1.BaseballPlayerTest" time="0.001"/>
  <testcase name="getTeam()" classname="problem1.BaseballPlayerTest" time="0.0"/>
  <testcase name="getHeight()" classname="problem1.BaseballPlayerTest" time="0.0"/>
  <testcase name="testEquals_DifferentTeam()" classname="problem1.BaseballPlayerTest" time="0.001"/>
  <testcase name="testEquals_DifferentDataTypes()" classname="problem1.BaseballPlayerTest" time="0.001"/>
  <testcase name="getLeague()" classname="problem1.BaseballPlayerTest" time="0.0"/>
  <testcase name="testHashCode()" classname="problem1.BaseballPlayerTest" time="0.002"/>
  <testcase name="getAthletesName()" classname="problem1.BaseballPlayerTest" time="0.002"/>
  <testcase name="getWeight()" classname="problem1.BaseballPlayerTest" time="0.001"/>
  <testcase name="testEquals_SameFieldsOverall()" classname="problem1.BaseballPlayerTest" time="0.002"/>
  <testcase name="getAvgBattingScore()" classname="problem1.BaseballPlayerTest" time="0.001"/>
  <testcase name="setTeam()" classname="problem1.BaseballPlayerTest" time="0.001"/>
  <system-out><![CDATA[]]></system-out>
  <system-err><![CDATA[]]></system-err>
</testsuite>
