<?xml version="1.0" encoding="UTF-8"?>
<testsuite name="problem.PhoneValidatorTest" tests="6" skipped="0" failures="0" errors="0" timestamp="2022-03-29T23:19:56" hostname="jiangruxuedeMacBook-Pro.local" time="0.014">
  <properties/>
  <testcase name="getSpecifiedLength()" classname="problem.PhoneValidatorTest" time="0.001"/>
  <testcase name="testToString()" classname="problem.PhoneValidatorTest" time="0.005"/>
  <testcase name="testHashCode()" classname="problem.PhoneValidatorTest" time="0.003"/>
  <testcase name="testEquals()" classname="problem.PhoneValidatorTest" time="0.0"/>
  <testcase name="testConstructor()" classname="problem.PhoneValidatorTest" time="0.001"/>
  <testcase name="isValid()" classname="problem.PhoneValidatorTest" time="0.001"/>
  <system-out><![CDATA[]]></system-out>
  <system-err><![CDATA[]]></system-err>
</testsuite>
