<?xml version="1.0" encoding="UTF-8"?>
<testsuite name="problem.FreeTextValidatorTest" tests="7" skipped="0" failures="0" errors="0" timestamp="2022-03-29T23:19:55" hostname="jiangruxuedeMacBook-Pro.local" time="0.05">
  <properties/>
  <testcase name="getCharactersEachLine()" classname="problem.FreeTextValidatorTest" time="0.034"/>
  <testcase name="testToString()" classname="problem.FreeTextValidatorTest" time="0.001"/>
  <testcase name="testHashCode()" classname="problem.FreeTextValidatorTest" time="0.0"/>
  <testcase name="testEquals()" classname="problem.FreeTextValidatorTest" time="0.005"/>
  <testcase name="getLines()" classname="problem.FreeTextValidatorTest" time="0.001"/>
  <testcase name="testConstructor()" classname="problem.FreeTextValidatorTest" time="0.005"/>
  <testcase name="isValid()" classname="problem.FreeTextValidatorTest" time="0.0"/>
  <system-out><![CDATA[]]></system-out>
  <system-err><![CDATA[]]></system-err>
</testsuite>
