<?xml version="1.0" encoding="UTF-8"?>
<testsuite name="problem.PasswordValidatorTest" tests="10" skipped="0" failures="0" errors="0" timestamp="2022-03-29T23:19:56" hostname="jiangruxuedeMacBook-Pro.local" time="0.026">
  <properties/>
  <testcase name="testToString()" classname="problem.PasswordValidatorTest" time="0.001"/>
  <testcase name="getMaxLength()" classname="problem.PasswordValidatorTest" time="0.0"/>
  <testcase name="getMinLength()" classname="problem.PasswordValidatorTest" time="0.001"/>
  <testcase name="getMinLowerCase()" classname="problem.PasswordValidatorTest" time="0.001"/>
  <testcase name="getMinDigit()" classname="problem.PasswordValidatorTest" time="0.001"/>
  <testcase name="testHashCode()" classname="problem.PasswordValidatorTest" time="0.0"/>
  <testcase name="getMinUpperCase()" classname="problem.PasswordValidatorTest" time="0.0"/>
  <testcase name="testEquals()" classname="problem.PasswordValidatorTest" time="0.0"/>
  <testcase name="testConstructor()" classname="problem.PasswordValidatorTest" time="0.002"/>
  <testcase name="isValid()" classname="problem.PasswordValidatorTest" time="0.001"/>
  <system-out><![CDATA[]]></system-out>
  <system-err><![CDATA[]]></system-err>
</testsuite>
