<?xml version="1.0" encoding="UTF-8"?>
<testsuite name="problem.NumberValidatorTest" tests="8" skipped="0" failures="0" errors="0" timestamp="2022-03-29T23:19:56" hostname="jiangruxuedeMacBook-Pro.local" time="0.014">
  <properties/>
  <testcase name="getMaxValue()" classname="problem.NumberValidatorTest" time="0.001"/>
  <testcase name="testToString()" classname="problem.NumberValidatorTest" time="0.002"/>
  <testcase name="getMaxDecimalPlaces()" classname="problem.NumberValidatorTest" time="0.0"/>
  <testcase name="getMinValue()" classname="problem.NumberValidatorTest" time="0.0"/>
  <testcase name="testHashCode()" classname="problem.NumberValidatorTest" time="0.0"/>
  <testcase name="testEquals()" classname="problem.NumberValidatorTest" time="0.001"/>
  <testcase name="testConstructor()" classname="problem.NumberValidatorTest" time="0.004"/>
  <testcase name="isValid()" classname="problem.NumberValidatorTest" time="0.001"/>
  <system-out><![CDATA[]]></system-out>
  <system-err><![CDATA[]]></system-err>
</testsuite>
