<?xml version="1.0" encoding="UTF-8"?>
<testsuite name="problem.model.TodoModelTest" tests="6" skipped="0" failures="0" errors="0" timestamp="2022-04-24T19:28:46" hostname="jiangruxuedeMacBook-Pro.local" time="0.143">
  <properties/>
  <testcase name="testToString()" classname="problem.model.TodoModelTest" time="0.045"/>
  <testcase name="completeTodos()" classname="problem.model.TodoModelTest" time="0.032"/>
  <testcase name="getTodoList()" classname="problem.model.TodoModelTest" time="0.003"/>
  <testcase name="testHashCode()" classname="problem.model.TodoModelTest" time="0.01"/>
  <testcase name="testEquals()" classname="problem.model.TodoModelTest" time="0.005"/>
  <testcase name="addTodoItem()" classname="problem.model.TodoModelTest" time="0.007"/>
  <system-out><![CDATA[]]></system-out>
  <system-err><![CDATA[]]></system-err>
</testsuite>
