<?xml version="1.0" encoding="UTF-8"?>
<testsuite name="problem.model.TodoItemTest" tests="11" skipped="0" failures="0" errors="0" timestamp="2022-04-24T19:28:46" hostname="jiangruxuedeMacBook-Pro.local" time="0.075">
  <properties/>
  <testcase name="getCompleted()" classname="problem.model.TodoItemTest" time="0.003"/>
  <testcase name="getDue()" classname="problem.model.TodoItemTest" time="0.002"/>
  <testcase name="testToString()" classname="problem.model.TodoItemTest" time="0.003"/>
  <testcase name="getText()" classname="problem.model.TodoItemTest" time="0.0"/>
  <testcase name="getId()" classname="problem.model.TodoItemTest" time="0.0"/>
  <testcase name="setId()" classname="problem.model.TodoItemTest" time="0.015"/>
  <testcase name="setCompleted()" classname="problem.model.TodoItemTest" time="0.003"/>
  <testcase name="testHashCode()" classname="problem.model.TodoItemTest" time="0.001"/>
  <testcase name="getPriority()" classname="problem.model.TodoItemTest" time="0.0"/>
  <testcase name="testEquals()" classname="problem.model.TodoItemTest" time="0.002"/>
  <testcase name="getCategory()" classname="problem.model.TodoItemTest" time="0.021"/>
  <system-out><![CDATA[]]></system-out>
  <system-err><![CDATA[]]></system-err>
</testsuite>
