<?xml version="1.0" encoding="UTF-8"?>
<testsuite name="problem.ProcessorTest" tests="4" skipped="0" failures="0" errors="0" timestamp="2022-04-12T21:32:03" hostname="jiangruxuedeMacBook-Pro.local" time="0.708">
  <properties/>
  <testcase name="getOutputFiles()" classname="problem.ProcessorTest" time="0.343"/>
  <testcase name="testToString()" classname="problem.ProcessorTest" time="0.073"/>
  <testcase name="testHashCode()" classname="problem.ProcessorTest" time="0.056"/>
  <testcase name="testEquals()" classname="problem.ProcessorTest" time="0.232"/>
  <system-out><![CDATA[]]></system-out>
  <system-err><![CDATA[]]></system-err>
</testsuite>
