<?xml version="1.0" encoding="UTF-8"?>
<testsuite name="problem.CommandLineParserTest" tests="10" skipped="0" failures="0" errors="0" timestamp="2022-04-12T21:32:04" hostname="jiangruxuedeMacBook-Pro.local" time="0.125">
  <properties/>
  <testcase name="getOutputDir()" classname="problem.CommandLineParserTest" time="0.001"/>
  <testcase name="testToString()" classname="problem.CommandLineParserTest" time="0.078"/>
  <testcase name="testProcessArgs()" classname="problem.CommandLineParserTest" time="0.01"/>
  <testcase name="getEmailTemplate()" classname="problem.CommandLineParserTest" time="0.001"/>
  <testcase name="getLetter()" classname="problem.CommandLineParserTest" time="0.001"/>
  <testcase name="testHashCode()" classname="problem.CommandLineParserTest" time="0.002"/>
  <testcase name="testEquals()" classname="problem.CommandLineParserTest" time="0.002"/>
  <testcase name="getLetterTemplate()" classname="problem.CommandLineParserTest" time="0.001"/>
  <testcase name="getEmail()" classname="problem.CommandLineParserTest" time="0.002"/>
  <testcase name="getCsvFile()" classname="problem.CommandLineParserTest" time="0.002"/>
  <system-out><![CDATA[]]></system-out>
  <system-err><![CDATA[]]></system-err>
</testsuite>
