<?xml version="1.0" encoding="UTF-8"?>
<testsuite name="problem.OutputTest" tests="1" skipped="0" failures="0" errors="0" timestamp="2022-04-12T21:32:03" hostname="jiangruxuedeMacBook-Pro.local" time="0.569">
  <properties/>
  <testcase name="writeFile()" classname="problem.OutputTest" time="0.569"/>
  <system-out><![CDATA[]]></system-out>
  <system-err><![CDATA[]]></system-err>
</testsuite>
