<?xml version="1.0" encoding="UTF-8"?>
<testsuite name="problem.TemplateReaderTest" tests="6" skipped="0" failures="0" errors="0" timestamp="2022-04-12T21:32:03" hostname="jiangruxuedeMacBook-Pro.local" time="0.048">
  <properties/>
  <testcase name="getPlaceholders()" classname="problem.TemplateReaderTest" time="0.001"/>
  <testcase name="testToString()" classname="problem.TemplateReaderTest" time="0.024"/>
  <testcase name="getTemplate()" classname="problem.TemplateReaderTest" time="0.001"/>
  <testcase name="testHashCode()" classname="problem.TemplateReaderTest" time="0.002"/>
  <testcase name="testEquals()" classname="problem.TemplateReaderTest" time="0.013"/>
  <testcase name="testThrows()" classname="problem.TemplateReaderTest" time="0.003"/>
  <system-out><![CDATA[]]></system-out>
  <system-err><![CDATA[]]></system-err>
</testsuite>
