<?xml version="1.0" encoding="UTF-8"?>
<testsuite name="problem.CSVReaderTest" tests="5" skipped="0" failures="0" errors="0" timestamp="2022-04-12T21:32:03" hostname="jiangruxuedeMacBook-Pro.local" time="0.032">
  <properties/>
  <testcase name="testToString()" classname="problem.CSVReaderTest" time="0.006"/>
  <testcase name="testHashCode()" classname="problem.CSVReaderTest" time="0.003"/>
  <testcase name="getCsvLines()" classname="problem.CSVReaderTest" time="0.008"/>
  <testcase name="testEquals()" classname="problem.CSVReaderTest" time="0.007"/>
  <testcase name="testThrows()" classname="problem.CSVReaderTest" time="0.006"/>
  <system-out><![CDATA[]]></system-out>
  <system-err><![CDATA[]]></system-err>
</testsuite>
