<?xml version="1.0" encoding="UTF-8"?>
<testsuite name="problem2.RecipientTest" tests="11" skipped="0" failures="0" errors="0" timestamp="2022-02-07T18:40:31" hostname="jiangruxuedeMacBook-Pro.local" time="0.049">
  <properties/>
  <testcase name="testEquals_NullObject()" classname="problem2.RecipientTest" time="0.001"/>
  <testcase name="testEquals_SameMemoryLocation()" classname="problem2.RecipientTest" time="0.0"/>
  <testcase name="testEquals_DifferentEmailAddress()" classname="problem2.RecipientTest" time="0.002"/>
  <testcase name="getFirstName()" classname="problem2.RecipientTest" time="0.001"/>
  <testcase name="getEmailAddress()" classname="problem2.RecipientTest" time="0.001"/>
  <testcase name="testEquals_DifferentDataTypes()" classname="problem2.RecipientTest" time="0.003"/>
  <testcase name="getLastName()" classname="problem2.RecipientTest" time="0.001"/>
  <testcase name="testHashCode()" classname="problem2.RecipientTest" time="0.001"/>
  <testcase name="testEquals_DifferentFirstName()" classname="problem2.RecipientTest" time="0.001"/>
  <testcase name="testEquals_DifferentLastName()" classname="problem2.RecipientTest" time="0.0"/>
  <testcase name="testEquals_SameFieldsOverall()" classname="problem2.RecipientTest" time="0.001"/>
  <system-out><![CDATA[]]></system-out>
  <system-err><![CDATA[]]></system-err>
</testsuite>
