<?xml version="1.0" encoding="UTF-8"?>
<testsuite name="problem1.TruckTest" tests="4" skipped="0" failures="0" errors="0" timestamp="2022-02-07T18:40:31" hostname="jiangruxuedeMacBook-Pro.local" time="0.025">
  <properties/>
  <testcase name="getRequireSpecializedLicense()" classname="problem1.TruckTest" time="0.003"/>
  <testcase name="getMaximumOccupancy()" classname="problem1.TruckTest" time="0.002"/>
  <testcase name="bookVehicle()" classname="problem1.TruckTest" time="0.005"/>
  <testcase name="getAllowDifferentPickupAndDropoffLocations()" classname="problem1.TruckTest" time="0.004"/>
  <system-out><![CDATA[]]></system-out>
  <system-err><![CDATA[]]></system-err>
</testsuite>
