<?xml version="1.0" encoding="UTF-8"?>
<testsuite name="problem2.MailItemTest" tests="5" skipped="0" failures="0" errors="0" timestamp="2022-02-07T18:40:31" hostname="jiangruxuedeMacBook-Pro.local" time="0.014">
  <properties/>
  <testcase name="getHeight()" classname="problem2.MailItemTest" time="0.001"/>
  <testcase name="getRecipient()" classname="problem2.MailItemTest" time="0.001"/>
  <testcase name="testMailItemConstructor()" classname="problem2.MailItemTest" time="0.004"/>
  <testcase name="getDepth()" classname="problem2.MailItemTest" time="0.002"/>
  <testcase name="getWidth()" classname="problem2.MailItemTest" time="0.002"/>
  <system-out><![CDATA[]]></system-out>
  <system-err><![CDATA[]]></system-err>
</testsuite>
