<?xml version="1.0" encoding="UTF-8"?>
<testsuite name="problem1.VehicleTest" tests="5" skipped="0" failures="0" errors="0" timestamp="2022-02-07T18:40:31" hostname="jiangruxuedeMacBook-Pro.local" time="0.025">
  <properties/>
  <testcase name="testVehicleConstructor()" classname="problem1.VehicleTest" time="0.003"/>
  <testcase name="getBookedDays()" classname="problem1.VehicleTest" time="0.002"/>
  <testcase name="setBookedDays()" classname="problem1.VehicleTest" time="0.005"/>
  <testcase name="isAvailable()" classname="problem1.VehicleTest" time="0.001"/>
  <testcase name="getDailyPrice()" classname="problem1.VehicleTest" time="0.001"/>
  <system-out><![CDATA[]]></system-out>
  <system-err><![CDATA[]]></system-err>
</testsuite>
